<?xml version="1.0" encoding="UTF-8"?>
<!-- Generated by org.testng.reporters.JUnitXMLReporter -->
<testsuite hostname="C40BF52AGJUNC" ignored="0" name="Default test" tests="7" failures="0" timestamp="15 Mar 2019 13:34:31 GMT" time="10.486" errors="0">
  <testcase name="AgJunction_login_test" time="2.339" classname="com.qa.tester.AuthService_Login_PostAPITest"/>
  <testcase name="AgJunction_login_test" time="0.881" classname="com.qa.tester.AuthService_Login_PostAPITest"/>
  <testcase name="AgJunction_login_test" time="0.401" classname="com.qa.tester.AuthService_Login_PostAPITest"/>
  <testcase name="AgJunction_login_test" time="3.842" classname="com.qa.tester.AuthService_Login_PostAPITest"/>
  <testcase name="AgJunction_login_test" time="0.825" classname="com.qa.tester.AuthService_Login_PostAPITest"/>
  <testcase name="AgJunction_login_test" time="0.919" classname="com.qa.tester.AuthService_Login_PostAPITest"/>
  <testcase name="AgJunction_login_test" time="0.888" classname="com.qa.tester.AuthService_Login_PostAPITest"/>
</testsuite> <!-- Default test -->
