<?xml version="1.0" encoding="UTF-8"?>
<!-- Generated by org.testng.reporters.JUnitXMLReporter -->
<testsuite hostname="C40BF52AGJUNC" ignored="0" name="User-management" tests="7" failures="0" timestamp="15 Mar 2019 13:37:47 GMT" time="13.185" errors="0">
  <testcase name="AgJunction_login_test" time="2.482" classname="com.qa.tester.AuthService_Login_PostAPITest"/>
  <testcase name="AgJunction_login_test" time="0.87" classname="com.qa.tester.AuthService_Login_PostAPITest"/>
  <testcase name="AgJunction_login_test" time="0.926" classname="com.qa.tester.AuthService_Login_PostAPITest"/>
  <testcase name="AgJunction_login_test" time="0.902" classname="com.qa.tester.AuthService_Login_PostAPITest"/>
  <testcase name="AgJunction_login_test" time="3.411" classname="com.qa.tester.AuthService_Login_PostAPITest"/>
  <testcase name="AgJunction_login_test" time="3.865" classname="com.qa.tester.AuthService_Login_PostAPITest"/>
  <testcase name="AgJunction_login_test" time="0.339" classname="com.qa.tester.AuthService_Login_PostAPITest"/>
</testsuite> <!-- User-management -->
