<?xml version="1.0" encoding="UTF-8"?>
<!-- Generated by org.testng.reporters.JUnitXMLReporter -->
<testsuite hostname="C40BF52AGJUNC" ignored="0" name="User-management" tests="5" failures="0" timestamp="14 Mar 2019 12:52:28 GMT" time="3.215" errors="0">
  <testcase name="AgJunction_login_Status" time="0.007" classname="com.qa.tester.AuthService_Login_PostAPITest"/>
  <testcase name="AgJunction_login_timeTaken" time="0.001" classname="com.qa.tester.AuthService_Login_PostAPITest"/>
  <testcase name="AgJunction_loginvalidateResponse" time="0.001" classname="com.qa.tester.AuthService_Login_PostAPITest"/>
  <testcase name="AuthService_logout_Status" time="0.001" classname="com.qa.tester.AuthService_Logout_GETAPITest"/>
  <testcase name="AuthService_logout_timeTaken" time="0.001" classname="com.qa.tester.AuthService_Logout_GETAPITest"/>
</testsuite> <!-- User-management -->
