<?xml version="1.0" encoding="UTF-8"?>
<testng-results skipped="0" failed="0" ignored="0" total="5" passed="5">
  <reporter-output>
  </reporter-output>
  <suite name="   AGJUNCTION API TESTCASE RESULT SUMMARY" duration-ms="12629" started-at="2019-03-14T12:54:58Z" finished-at="2019-03-14T12:55:11Z">
    <groups>
    </groups>
    <test name="User-management" duration-ms="12629" started-at="2019-03-14T12:54:58Z" finished-at="2019-03-14T12:55:11Z">
      <class name="com.qa.tester.AuthService_Logout_GETAPITest">
        <test-method status="PASS" signature="AgJunction_login_initialization()[pri:0, instance:com.qa.tester.AuthService_Logout_GETAPITest@46daef40]" name="AgJunction_login_initialization" is-config="true" duration-ms="11596" started-at="2019-03-14T12:54:58Z" finished-at="2019-03-14T12:55:10Z">
          <reporter-output>
          </reporter-output>
        </test-method> <!-- AgJunction_login_initialization -->
        <test-method status="PASS" signature="AuthService_logout_initialization()[pri:0, instance:com.qa.tester.AuthService_Logout_GETAPITest@46daef40]" name="AuthService_logout_initialization" is-config="true" duration-ms="987" started-at="2019-03-14T12:55:10Z" finished-at="2019-03-14T12:55:11Z">
          <reporter-output>
          </reporter-output>
        </test-method> <!-- AuthService_logout_initialization -->
        <test-method status="PASS" signature="AgJunction_login_Status()[pri:0, instance:com.qa.tester.AuthService_Logout_GETAPITest@46daef40]" name="AgJunction_login_Status" duration-ms="8" started-at="2019-03-14T12:55:11Z" finished-at="2019-03-14T12:55:11Z">
          <reporter-output>
          </reporter-output>
        </test-method> <!-- AgJunction_login_Status -->
        <test-method status="PASS" signature="AgJunction_login_timeTaken()[pri:0, instance:com.qa.tester.AuthService_Logout_GETAPITest@46daef40]" name="AgJunction_login_timeTaken" duration-ms="1" started-at="2019-03-14T12:55:11Z" finished-at="2019-03-14T12:55:11Z">
          <reporter-output>
          </reporter-output>
        </test-method> <!-- AgJunction_login_timeTaken -->
        <test-method status="PASS" signature="AgJunction_loginvalidateResponse()[pri:0, instance:com.qa.tester.AuthService_Logout_GETAPITest@46daef40]" name="AgJunction_loginvalidateResponse" duration-ms="1" started-at="2019-03-14T12:55:11Z" finished-at="2019-03-14T12:55:11Z">
          <reporter-output>
          </reporter-output>
        </test-method> <!-- AgJunction_loginvalidateResponse -->
        <test-method status="PASS" signature="AuthService_logout_Status()[pri:0, instance:com.qa.tester.AuthService_Logout_GETAPITest@46daef40]" name="AuthService_logout_Status" duration-ms="1" started-at="2019-03-14T12:55:11Z" finished-at="2019-03-14T12:55:11Z">
          <reporter-output>
          </reporter-output>
        </test-method> <!-- AuthService_logout_Status -->
        <test-method status="PASS" signature="AuthService_logout_timeTaken()[pri:0, instance:com.qa.tester.AuthService_Logout_GETAPITest@46daef40]" name="AuthService_logout_timeTaken" duration-ms="1" started-at="2019-03-14T12:55:11Z" finished-at="2019-03-14T12:55:11Z">
          <reporter-output>
          </reporter-output>
        </test-method> <!-- AuthService_logout_timeTaken -->
        <test-method status="PASS" signature="teardown()[pri:0, instance:com.qa.tester.AuthService_Logout_GETAPITest@46daef40]" name="teardown" is-config="true" duration-ms="0" started-at="2019-03-14T12:55:11Z" finished-at="2019-03-14T12:55:11Z">
          <reporter-output>
          </reporter-output>
        </test-method> <!-- teardown -->
      </class> <!-- com.qa.tester.AuthService_Logout_GETAPITest -->
    </test> <!-- User-management -->
  </suite> <!--    AGJUNCTION API TESTCASE RESULT SUMMARY -->
</testng-results>
